 WARN [2019-02-07 09:41:57,083] ({main} ZeppelinConfiguration.java[create]:117) - Failed to load configuration, proceeding with a default
 INFO [2019-02-07 09:41:57,159] ({main} ZeppelinConfiguration.java[create]:129) - Server Host: 0.0.0.0
 INFO [2019-02-07 09:41:57,159] ({main} ZeppelinConfiguration.java[create]:131) - Server Port: 8080
 INFO [2019-02-07 09:41:57,159] ({main} ZeppelinConfiguration.java[create]:135) - Context Path: /
 INFO [2019-02-07 09:41:57,178] ({main} ZeppelinConfiguration.java[create]:136) - Zeppelin Version: 0.8.1
 INFO [2019-02-07 09:41:57,329] ({main} Log.java[initialized]:193) - Logging initialized @5024ms to org.eclipse.jetty.util.log.Slf4jLog
 WARN [2019-02-07 09:41:57,912] ({main} ServerConnector.java[setSoLingerTime]:458) - Ignoring deprecated socket close linger time
 INFO [2019-02-07 09:41:58,094] ({main} ZeppelinServer.java[setupWebAppContext]:413) - ZeppelinServer Webapp path: /zeppelin/webapps
 INFO [2019-02-07 09:41:58,441] ({main} ZeppelinServer.java[main]:239) - Starting zeppelin server
 INFO [2019-02-07 09:41:58,443] ({main} Server.java[doStart]:370) - jetty-9.4.14.v20181114; built: 2018-11-14T21:20:31.478Z; git: c4550056e785fb5665914545889f21dc136ad9e6; jvm 1.8.0_191-8u191-b12-0ubuntu0.16.04.1-b12
 INFO [2019-02-07 09:42:02,803] ({main} StandardDescriptorProcessor.java[visitServlet]:283) - NO JSP Support for /, did not find org.eclipse.jetty.jsp.JettyJspServlet
 INFO [2019-02-07 09:42:02,915] ({main} DefaultSessionIdManager.java[doStart]:365) - DefaultSessionIdManager workerName=node0
 INFO [2019-02-07 09:42:02,916] ({main} DefaultSessionIdManager.java[doStart]:370) - No SessionScavenger set, using defaults
 INFO [2019-02-07 09:42:02,941] ({main} HouseKeeper.java[startScavenging]:149) - node0 Scavenging every 600000ms
 INFO [2019-02-07 09:42:04,131] ({main} SchedulerFactory.java[<init>]:59) - Scheduler Thread Pool Size: 100
 WARN [2019-02-07 09:42:04,216] ({main} ZeppelinConfiguration.java[getConfigFSDir]:527) - zeppelin.config.fs.dir is not specified, fall back to local conf directory zeppelin.conf.dir
 WARN [2019-02-07 09:42:04,218] ({main} ZeppelinConfiguration.java[getConfigFSDir]:527) - zeppelin.config.fs.dir is not specified, fall back to local conf directory zeppelin.conf.dir
 INFO [2019-02-07 09:42:04,405] ({main} InterpreterSettingManager.java[<init>]:165) - Using RecoveryStorage: org.apache.zeppelin.interpreter.recovery.NullRecoveryStorage
 INFO [2019-02-07 09:42:04,407] ({main} InterpreterSettingManager.java[<init>]:169) - Using LifecycleManager: org.apache.zeppelin.interpreter.lifecycle.NullLifecycleManager
 INFO [2019-02-07 09:42:04,462] ({main} InterpreterSettingManager.java[registerInterpreterSetting]:425) - Register InterpreterSettingTemplate: angular
 INFO [2019-02-07 09:42:04,478] ({main} InterpreterSettingManager.java[registerInterpreterSetting]:425) - Register InterpreterSettingTemplate: sap
 INFO [2019-02-07 09:42:04,485] ({main} InterpreterSettingManager.java[registerInterpreterSetting]:425) - Register InterpreterSettingTemplate: lens
 INFO [2019-02-07 09:42:04,498] ({main} InterpreterSettingManager.java[registerInterpreterSetting]:425) - Register InterpreterSettingTemplate: groovy
 INFO [2019-02-07 09:42:04,505] ({main} InterpreterSettingManager.java[registerInterpreterSetting]:425) - Register InterpreterSettingTemplate: alluxio
 WARN [2019-02-07 09:42:04,513] ({main} InterpreterSettingManager.java[init]:331) - No interpreter-setting.json found in /zeppelin/interpreter/lib
 INFO [2019-02-07 09:42:04,518] ({main} InterpreterSettingManager.java[registerInterpreterSetting]:425) - Register InterpreterSettingTemplate: jdbc
 INFO [2019-02-07 09:42:04,527] ({main} InterpreterSettingManager.java[registerInterpreterSetting]:425) - Register InterpreterSettingTemplate: flink
 INFO [2019-02-07 09:42:04,538] ({main} InterpreterSettingManager.java[registerInterpreterSetting]:425) - Register InterpreterSettingTemplate: md
 INFO [2019-02-07 09:42:04,549] ({main} InterpreterSettingManager.java[registerInterpreterSetting]:425) - Register InterpreterSettingTemplate: file
 WARN [2019-02-07 09:42:04,581] ({main} InterpreterSettingManager.java[init]:331) - No interpreter-setting.json found in /zeppelin/interpreter/${interpreter.name}
 INFO [2019-02-07 09:42:04,587] ({main} InterpreterSettingManager.java[registerInterpreterSetting]:425) - Register InterpreterSettingTemplate: pig
 INFO [2019-02-07 09:42:04,598] ({main} InterpreterSettingManager.java[registerInterpreterSetting]:425) - Register InterpreterSettingTemplate: sh
 INFO [2019-02-07 09:42:04,608] ({main} InterpreterSettingManager.java[registerInterpreterSetting]:425) - Register InterpreterSettingTemplate: kylin
 INFO [2019-02-07 09:42:04,621] ({main} InterpreterSettingManager.java[registerInterpreterSetting]:425) - Register InterpreterSettingTemplate: ignite
 WARN [2019-02-07 09:42:05,602] ({main} InterpreterSettingManager.java[init]:331) - No interpreter-setting.json found in /zeppelin/interpreter/scio
 INFO [2019-02-07 09:42:05,606] ({main} InterpreterSettingManager.java[registerInterpreterSetting]:425) - Register InterpreterSettingTemplate: hbase
 INFO [2019-02-07 09:42:05,610] ({main} InterpreterSettingManager.java[registerInterpreterSetting]:425) - Register InterpreterSettingTemplate: spark
 INFO [2019-02-07 09:42:05,621] ({main} InterpreterSettingManager.java[registerInterpreterSetting]:425) - Register InterpreterSettingTemplate: elasticsearch
 INFO [2019-02-07 09:42:05,625] ({main} InterpreterSettingManager.java[registerInterpreterSetting]:425) - Register InterpreterSettingTemplate: bigquery
 INFO [2019-02-07 09:42:05,631] ({main} InterpreterSettingManager.java[registerInterpreterSetting]:425) - Register InterpreterSettingTemplate: livy
 INFO [2019-02-07 09:42:05,636] ({main} InterpreterSettingManager.java[registerInterpreterSetting]:425) - Register InterpreterSettingTemplate: python
 INFO [2019-02-07 09:42:05,648] ({main} InterpreterSettingManager.java[registerInterpreterSetting]:425) - Register InterpreterSettingTemplate: cassandra
 INFO [2019-02-07 09:42:05,714] ({main} InterpreterSettingManager.java[registerInterpreterSetting]:425) - Register InterpreterSettingTemplate: neo4j
 INFO [2019-02-07 09:42:05,714] ({main} LocalConfigStorage.java[loadInterpreterSettings]:63) - Load Interpreter Setting from file: /zeppelin/conf/interpreter.json
 INFO [2019-02-07 09:42:05,878] ({main} InterpreterSettingManager.java[loadFromFile]:279) - Create Interpreter Setting ignite from interpreter.json
 INFO [2019-02-07 09:42:05,907] ({main} InterpreterSettingManager.java[loadFromFile]:279) - Create Interpreter Setting python from interpreter.json
 INFO [2019-02-07 09:42:05,908] ({main} InterpreterSettingManager.java[loadFromFile]:279) - Create Interpreter Setting sap from interpreter.json
 INFO [2019-02-07 09:42:05,910] ({main} InterpreterSettingManager.java[loadFromFile]:279) - Create Interpreter Setting jdbc from interpreter.json
 INFO [2019-02-07 09:42:05,939] ({main} InterpreterSettingManager.java[loadFromFile]:279) - Create Interpreter Setting lens from interpreter.json
 INFO [2019-02-07 09:42:05,940] ({main} InterpreterSettingManager.java[loadFromFile]:279) - Create Interpreter Setting pig from interpreter.json
 INFO [2019-02-07 09:42:05,941] ({main} InterpreterSettingManager.java[loadFromFile]:279) - Create Interpreter Setting flink from interpreter.json
 INFO [2019-02-07 09:42:05,941] ({main} InterpreterSettingManager.java[loadFromFile]:279) - Create Interpreter Setting angular from interpreter.json
 INFO [2019-02-07 09:42:05,971] ({main} InterpreterSettingManager.java[loadFromFile]:279) - Create Interpreter Setting livy from interpreter.json
 INFO [2019-02-07 09:42:05,986] ({main} InterpreterSettingManager.java[loadFromFile]:279) - Create Interpreter Setting groovy from interpreter.json
 INFO [2019-02-07 09:42:05,986] ({main} InterpreterSettingManager.java[loadFromFile]:279) - Create Interpreter Setting file from interpreter.json
 INFO [2019-02-07 09:42:05,987] ({main} InterpreterSettingManager.java[loadFromFile]:279) - Create Interpreter Setting neo4j from interpreter.json
 INFO [2019-02-07 09:42:05,987] ({main} InterpreterSettingManager.java[loadFromFile]:279) - Create Interpreter Setting elasticsearch from interpreter.json
 INFO [2019-02-07 09:42:05,988] ({main} InterpreterSettingManager.java[loadFromFile]:279) - Create Interpreter Setting sh from interpreter.json
 INFO [2019-02-07 09:42:06,002] ({main} InterpreterSettingManager.java[loadFromFile]:279) - Create Interpreter Setting spark from interpreter.json
 INFO [2019-02-07 09:42:06,004] ({main} InterpreterSettingManager.java[loadFromFile]:279) - Create Interpreter Setting cassandra from interpreter.json
 INFO [2019-02-07 09:42:06,004] ({main} InterpreterSettingManager.java[loadFromFile]:279) - Create Interpreter Setting md from interpreter.json
 INFO [2019-02-07 09:42:06,005] ({main} InterpreterSettingManager.java[loadFromFile]:279) - Create Interpreter Setting alluxio from interpreter.json
 INFO [2019-02-07 09:42:06,005] ({main} InterpreterSettingManager.java[loadFromFile]:279) - Create Interpreter Setting bigquery from interpreter.json
 INFO [2019-02-07 09:42:06,006] ({main} InterpreterSettingManager.java[loadFromFile]:279) - Create Interpreter Setting hbase from interpreter.json
 INFO [2019-02-07 09:42:06,007] ({main} InterpreterSettingManager.java[loadFromFile]:279) - Create Interpreter Setting kylin from interpreter.json
 INFO [2019-02-07 09:42:06,122] ({main} LocalConfigStorage.java[save]:53) - Save Interpreter Setting to /zeppelin/conf/interpreter.json
 INFO [2019-02-07 09:42:07,004] ({main} VfsLog.java[info]:138) - Using "/tmp/vfs_cache" as temporary files store.
 INFO [2019-02-07 09:42:07,281] ({main} GitNotebookRepo.java[<init>]:64) - Opening a git repo at '/notebook'
 INFO [2019-02-07 09:42:07,821] ({main} NotebookRepoSync.java[<init>]:77) - Instantiate NotebookRepo: org.apache.zeppelin.notebook.repo.GitNotebookRepo
 WARN [2019-02-07 09:42:08,375] ({main} NotebookAuthorization.java[getInstance]:86) - Notebook authorization module was called without initialization, initializing with default configuration
 WARN [2019-02-07 09:42:08,375] ({main} LocalConfigStorage.java[loadNotebookAuthorization]:77) - NotebookAuthorization file /zeppelin/conf/notebook-authorization.json is not existed
 INFO [2019-02-07 09:42:08,376] ({main} Credentials.java[loadFromFile]:121) - /zeppelin/conf/credentials.json
 INFO [2019-02-07 09:42:08,524] ({main} StdSchedulerFactory.java[instantiate]:1184) - Using default implementation for ThreadExecutor
 INFO [2019-02-07 09:42:08,554] ({main} SimpleThreadPool.java[initialize]:268) - Job execution threads will use class loader of thread: main
 INFO [2019-02-07 09:42:08,654] ({main} SchedulerSignalerImpl.java[<init>]:61) - Initialized Scheduler Signaller of type: class org.quartz.core.SchedulerSignalerImpl
 INFO [2019-02-07 09:42:08,682] ({main} QuartzScheduler.java[<init>]:240) - Quartz Scheduler v.2.2.1 created.
 INFO [2019-02-07 09:42:08,683] ({main} RAMJobStore.java[initialize]:155) - RAMJobStore initialized.
 INFO [2019-02-07 09:42:08,696] ({main} QuartzScheduler.java[initialize]:305) - Scheduler meta-data: Quartz Scheduler (v2.2.1) 'DefaultQuartzScheduler' with instanceId 'NON_CLUSTERED'
  Scheduler class: 'org.quartz.core.QuartzScheduler' - running locally.
  NOT STARTED.
  Currently in standby mode.
  Number of jobs executed: 0
  Using thread pool 'org.quartz.simpl.SimpleThreadPool' - with 10 threads.
  Using job-store 'org.quartz.simpl.RAMJobStore' - which does not support persistence. and is not clustered.

 INFO [2019-02-07 09:42:08,696] ({main} StdSchedulerFactory.java[instantiate]:1339) - Quartz scheduler 'DefaultQuartzScheduler' initialized from default resource file in Quartz package: 'quartz.properties'
 INFO [2019-02-07 09:42:08,696] ({main} StdSchedulerFactory.java[instantiate]:1343) - Quartz scheduler version: 2.2.1
 INFO [2019-02-07 09:42:08,700] ({main} QuartzScheduler.java[start]:575) - Scheduler DefaultQuartzScheduler_$_NON_CLUSTERED started.
 INFO [2019-02-07 09:42:08,718] ({main} Notebook.java[<init>]:127) - Notebook indexing started...
 INFO [2019-02-07 09:42:08,807] ({main} LuceneSearch.java[addIndexDocs]:305) - Indexing 0 notebooks took 89ms
 INFO [2019-02-07 09:42:08,808] ({main} Notebook.java[<init>]:129) - Notebook indexing finished: 0 indexed in 0s
 INFO [2019-02-07 09:42:08,810] ({main} Helium.java[loadConf]:103) - Add helium local registry /zeppelin/helium
 INFO [2019-02-07 09:42:08,812] ({main} Helium.java[loadConf]:100) - Add helium online registry https://s3.amazonaws.com/helium-package/helium.json
 WARN [2019-02-07 09:42:08,835] ({main} Helium.java[loadConf]:111) - /zeppelin/conf/helium.json does not exists
 INFO [2019-02-07 09:42:13,465] ({main} ContextHandler.java[doStart]:855) - Started o.e.j.w.WebAppContext@5af97850{zeppelin-web,/,file:///zeppelin/webapps/webapp/,AVAILABLE}{/zeppelin/zeppelin-web-0.8.1.war}
 INFO [2019-02-07 09:42:13,571] ({main} AbstractConnector.java[doStart]:292) - Started ServerConnector@306435ba{HTTP/1.1,[http/1.1]}{0.0.0.0:8080}
 INFO [2019-02-07 09:42:13,571] ({main} Server.java[doStart]:407) - Started @21289ms
 INFO [2019-02-07 09:42:13,572] ({main} ZeppelinServer.java[main]:249) - Done, zeppelin server started
 INFO [2019-02-07 11:04:17,985] ({Thread-34} ZeppelinServer.java[run]:253) - Shutting down Zeppelin Server ... 
 INFO [2019-02-07 11:04:17,993] ({Thread-34} AbstractConnector.java[doStop]:341) - Stopped ServerConnector@306435ba{HTTP/1.1,[http/1.1]}{0.0.0.0:8080}
 INFO [2019-02-07 11:04:17,994] ({Thread-34} HouseKeeper.java[stopScavenging]:167) - node0 Stopped scavenging
 INFO [2019-02-07 11:04:18,891] ({Thread-34} ContextHandler.java[doStop]:1045) - Stopped o.e.j.w.WebAppContext@5af97850{zeppelin-web,/,null,UNAVAILABLE}{/zeppelin/zeppelin-web-0.8.1.war}
 INFO [2019-02-07 11:04:18,899] ({Thread-35} InterpreterSetting.java[close]:483) - Close InterpreterSetting: ignite
 INFO [2019-02-07 11:04:18,899] ({Thread-37} InterpreterSetting.java[close]:483) - Close InterpreterSetting: python
 INFO [2019-02-07 11:04:18,901] ({Thread-49} InterpreterSetting.java[close]:483) - Close InterpreterSetting: lens
 INFO [2019-02-07 11:04:18,902] ({Thread-53} InterpreterSetting.java[close]:483) - Close InterpreterSetting: elasticsearch
 INFO [2019-02-07 11:04:18,901] ({Thread-47} InterpreterSetting.java[close]:483) - Close InterpreterSetting: groovy
 INFO [2019-02-07 11:04:18,900] ({Thread-40} InterpreterSetting.java[close]:483) - Close InterpreterSetting: sap
 INFO [2019-02-07 11:04:18,900] ({Thread-46} InterpreterSetting.java[close]:483) - Close InterpreterSetting: livy
 INFO [2019-02-07 11:04:18,905] ({Thread-57} InterpreterSetting.java[close]:483) - Close InterpreterSetting: spark
 INFO [2019-02-07 11:04:18,900] ({Thread-45} InterpreterSetting.java[close]:483) - Close InterpreterSetting: angular
 INFO [2019-02-07 11:04:18,899] ({Thread-44} InterpreterSetting.java[close]:483) - Close InterpreterSetting: flink
 INFO [2019-02-07 11:04:18,899] ({Thread-43} InterpreterSetting.java[close]:483) - Close InterpreterSetting: pig
 INFO [2019-02-07 11:04:18,899] ({Thread-42} InterpreterSetting.java[close]:483) - Close InterpreterSetting: lens
 INFO [2019-02-07 11:04:18,899] ({Thread-41} InterpreterSetting.java[close]:483) - Close InterpreterSetting: jdbc
 INFO [2019-02-07 11:04:18,899] ({Thread-39} InterpreterSetting.java[close]:483) - Close InterpreterSetting: sap
 INFO [2019-02-07 11:04:18,899] ({Thread-36} InterpreterSetting.java[close]:483) - Close InterpreterSetting: ignite
 INFO [2019-02-07 11:04:18,901] ({Thread-48} InterpreterSetting.java[close]:483) - Close InterpreterSetting: jdbc
 INFO [2019-02-07 11:04:18,899] ({Thread-38} InterpreterSetting.java[close]:483) - Close InterpreterSetting: python
 INFO [2019-02-07 11:04:18,923] ({Thread-76} InterpreterSetting.java[close]:483) - Close InterpreterSetting: kylin
 INFO [2019-02-07 11:04:18,923] ({Thread-75} InterpreterSetting.java[close]:483) - Close InterpreterSetting: hbase
 INFO [2019-02-07 11:04:18,923] ({Thread-74} InterpreterSetting.java[close]:483) - Close InterpreterSetting: bigquery
 INFO [2019-02-07 11:04:18,922] ({Thread-73} InterpreterSetting.java[close]:483) - Close InterpreterSetting: alluxio
 INFO [2019-02-07 11:04:18,921] ({Thread-72} InterpreterSetting.java[close]:483) - Close InterpreterSetting: md
 INFO [2019-02-07 11:04:18,920] ({Thread-71} InterpreterSetting.java[close]:483) - Close InterpreterSetting: cassandra
 INFO [2019-02-07 11:04:18,920] ({Thread-70} InterpreterSetting.java[close]:483) - Close InterpreterSetting: spark
 INFO [2019-02-07 11:04:18,919] ({Thread-69} InterpreterSetting.java[close]:483) - Close InterpreterSetting: sh
 INFO [2019-02-07 11:04:18,919] ({Thread-64} InterpreterSetting.java[close]:483) - Close InterpreterSetting: elasticsearch
 INFO [2019-02-07 11:04:18,918] ({Thread-68} InterpreterSetting.java[close]:483) - Close InterpreterSetting: kylin
 INFO [2019-02-07 11:04:18,918] ({Thread-67} InterpreterSetting.java[close]:483) - Close InterpreterSetting: hbase
 INFO [2019-02-07 11:04:18,918] ({Thread-66} InterpreterSetting.java[close]:483) - Close InterpreterSetting: bigquery
 INFO [2019-02-07 11:04:18,917] ({Thread-63} InterpreterSetting.java[close]:483) - Close InterpreterSetting: neo4j
 INFO [2019-02-07 11:04:18,917] ({Thread-58} InterpreterSetting.java[close]:483) - Close InterpreterSetting: cassandra
 INFO [2019-02-07 11:04:18,916] ({Thread-65} InterpreterSetting.java[close]:483) - Close InterpreterSetting: alluxio
 INFO [2019-02-07 11:04:18,916] ({Thread-60} InterpreterSetting.java[close]:483) - Close InterpreterSetting: md
 INFO [2019-02-07 11:04:18,915] ({Thread-62} InterpreterSetting.java[close]:483) - Close InterpreterSetting: file
 INFO [2019-02-07 11:04:18,905] ({Thread-61} InterpreterSetting.java[close]:483) - Close InterpreterSetting: groovy
 INFO [2019-02-07 11:04:18,904] ({Thread-59} InterpreterSetting.java[close]:483) - Close InterpreterSetting: livy
 INFO [2019-02-07 11:04:18,904] ({Thread-56} InterpreterSetting.java[close]:483) - Close InterpreterSetting: angular
 INFO [2019-02-07 11:04:18,903] ({Thread-54} InterpreterSetting.java[close]:483) - Close InterpreterSetting: sh
 INFO [2019-02-07 11:04:18,903] ({Thread-55} InterpreterSetting.java[close]:483) - Close InterpreterSetting: flink
 INFO [2019-02-07 11:04:18,903] ({Thread-51} InterpreterSetting.java[close]:483) - Close InterpreterSetting: pig
 INFO [2019-02-07 11:04:18,902] ({Thread-52} InterpreterSetting.java[close]:483) - Close InterpreterSetting: neo4j
 INFO [2019-02-07 11:04:18,940] ({Thread-34} NotebookRepoSync.java[close]:428) - Closing all notebook storages
 INFO [2019-02-07 11:04:18,901] ({Thread-50} InterpreterSetting.java[close]:483) - Close InterpreterSetting: file
 INFO [2019-02-07 11:04:21,949] ({Thread-34} ZeppelinServer.java[run]:264) - Bye
 WARN [2019-02-07 11:38:15,090] ({main} ZeppelinConfiguration.java[create]:117) - Failed to load configuration, proceeding with a default
 INFO [2019-02-07 11:38:15,415] ({main} ZeppelinConfiguration.java[create]:129) - Server Host: 0.0.0.0
 INFO [2019-02-07 11:38:15,433] ({main} ZeppelinConfiguration.java[create]:131) - Server Port: 8080
 INFO [2019-02-07 11:38:15,496] ({main} ZeppelinConfiguration.java[create]:135) - Context Path: /
 INFO [2019-02-07 11:38:15,561] ({main} ZeppelinConfiguration.java[create]:136) - Zeppelin Version: 0.8.1
 INFO [2019-02-07 11:38:15,815] ({main} Log.java[initialized]:193) - Logging initialized @3825ms to org.eclipse.jetty.util.log.Slf4jLog
 WARN [2019-02-07 11:38:16,620] ({main} ServerConnector.java[setSoLingerTime]:458) - Ignoring deprecated socket close linger time
 INFO [2019-02-07 11:38:17,142] ({main} ZeppelinServer.java[setupWebAppContext]:413) - ZeppelinServer Webapp path: /zeppelin/webapps
 INFO [2019-02-07 11:38:17,724] ({main} ZeppelinServer.java[main]:239) - Starting zeppelin server
 INFO [2019-02-07 11:38:17,746] ({main} Server.java[doStart]:370) - jetty-9.4.14.v20181114; built: 2018-11-14T21:20:31.478Z; git: c4550056e785fb5665914545889f21dc136ad9e6; jvm 1.8.0_191-8u191-b12-0ubuntu0.16.04.1-b12
 INFO [2019-02-07 11:38:24,551] ({main} StandardDescriptorProcessor.java[visitServlet]:283) - NO JSP Support for /, did not find org.eclipse.jetty.jsp.JettyJspServlet
 INFO [2019-02-07 11:38:24,652] ({main} DefaultSessionIdManager.java[doStart]:365) - DefaultSessionIdManager workerName=node0
 INFO [2019-02-07 11:38:24,662] ({main} DefaultSessionIdManager.java[doStart]:370) - No SessionScavenger set, using defaults
 INFO [2019-02-07 11:38:24,672] ({main} HouseKeeper.java[startScavenging]:149) - node0 Scavenging every 600000ms
 INFO [2019-02-07 11:38:26,246] ({main} SchedulerFactory.java[<init>]:59) - Scheduler Thread Pool Size: 100
 WARN [2019-02-07 11:38:26,327] ({main} ZeppelinConfiguration.java[getConfigFSDir]:527) - zeppelin.config.fs.dir is not specified, fall back to local conf directory zeppelin.conf.dir
 WARN [2019-02-07 11:38:26,335] ({main} ZeppelinConfiguration.java[getConfigFSDir]:527) - zeppelin.config.fs.dir is not specified, fall back to local conf directory zeppelin.conf.dir
 INFO [2019-02-07 11:38:26,872] ({main} InterpreterSettingManager.java[<init>]:165) - Using RecoveryStorage: org.apache.zeppelin.interpreter.recovery.NullRecoveryStorage
 INFO [2019-02-07 11:38:26,874] ({main} InterpreterSettingManager.java[<init>]:169) - Using LifecycleManager: org.apache.zeppelin.interpreter.lifecycle.NullLifecycleManager
 INFO [2019-02-07 11:38:27,199] ({main} InterpreterSettingManager.java[registerInterpreterSetting]:425) - Register InterpreterSettingTemplate: angular
 INFO [2019-02-07 11:38:27,265] ({main} InterpreterSettingManager.java[registerInterpreterSetting]:425) - Register InterpreterSettingTemplate: sap
 INFO [2019-02-07 11:38:27,301] ({main} InterpreterSettingManager.java[registerInterpreterSetting]:425) - Register InterpreterSettingTemplate: lens
 INFO [2019-02-07 11:38:27,319] ({main} InterpreterSettingManager.java[registerInterpreterSetting]:425) - Register InterpreterSettingTemplate: groovy
 INFO [2019-02-07 11:38:27,335] ({main} InterpreterSettingManager.java[registerInterpreterSetting]:425) - Register InterpreterSettingTemplate: alluxio
 WARN [2019-02-07 11:38:27,351] ({main} InterpreterSettingManager.java[init]:331) - No interpreter-setting.json found in /zeppelin/interpreter/lib
 INFO [2019-02-07 11:38:27,368] ({main} InterpreterSettingManager.java[registerInterpreterSetting]:425) - Register InterpreterSettingTemplate: jdbc
 INFO [2019-02-07 11:38:27,371] ({main} InterpreterSettingManager.java[registerInterpreterSetting]:425) - Register InterpreterSettingTemplate: flink
 INFO [2019-02-07 11:38:27,373] ({main} InterpreterSettingManager.java[registerInterpreterSetting]:425) - Register InterpreterSettingTemplate: md
 INFO [2019-02-07 11:38:27,402] ({main} InterpreterSettingManager.java[registerInterpreterSetting]:425) - Register InterpreterSettingTemplate: file
 WARN [2019-02-07 11:38:27,442] ({main} InterpreterSettingManager.java[init]:331) - No interpreter-setting.json found in /zeppelin/interpreter/${interpreter.name}
 INFO [2019-02-07 11:38:27,444] ({main} InterpreterSettingManager.java[registerInterpreterSetting]:425) - Register InterpreterSettingTemplate: pig
 INFO [2019-02-07 11:38:27,451] ({main} InterpreterSettingManager.java[registerInterpreterSetting]:425) - Register InterpreterSettingTemplate: sh
 INFO [2019-02-07 11:38:27,464] ({main} InterpreterSettingManager.java[registerInterpreterSetting]:425) - Register InterpreterSettingTemplate: kylin
 INFO [2019-02-07 11:38:27,484] ({main} InterpreterSettingManager.java[registerInterpreterSetting]:425) - Register InterpreterSettingTemplate: ignite
 WARN [2019-02-07 11:38:27,901] ({main} InterpreterSettingManager.java[init]:331) - No interpreter-setting.json found in /zeppelin/interpreter/scio
 INFO [2019-02-07 11:38:27,923] ({main} InterpreterSettingManager.java[registerInterpreterSetting]:425) - Register InterpreterSettingTemplate: hbase
 INFO [2019-02-07 11:38:27,968] ({main} InterpreterSettingManager.java[registerInterpreterSetting]:425) - Register InterpreterSettingTemplate: spark
 INFO [2019-02-07 11:38:27,977] ({main} InterpreterSettingManager.java[registerInterpreterSetting]:425) - Register InterpreterSettingTemplate: elasticsearch
 INFO [2019-02-07 11:38:27,992] ({main} InterpreterSettingManager.java[registerInterpreterSetting]:425) - Register InterpreterSettingTemplate: bigquery
 INFO [2019-02-07 11:38:28,013] ({main} InterpreterSettingManager.java[registerInterpreterSetting]:425) - Register InterpreterSettingTemplate: livy
 INFO [2019-02-07 11:38:28,016] ({main} InterpreterSettingManager.java[registerInterpreterSetting]:425) - Register InterpreterSettingTemplate: python
 INFO [2019-02-07 11:38:28,072] ({main} InterpreterSettingManager.java[registerInterpreterSetting]:425) - Register InterpreterSettingTemplate: cassandra
 INFO [2019-02-07 11:38:28,092] ({main} InterpreterSettingManager.java[registerInterpreterSetting]:425) - Register InterpreterSettingTemplate: neo4j
 INFO [2019-02-07 11:38:28,100] ({main} LocalConfigStorage.java[loadInterpreterSettings]:63) - Load Interpreter Setting from file: /zeppelin/conf/interpreter.json
 INFO [2019-02-07 11:38:28,482] ({main} InterpreterSettingManager.java[loadFromFile]:279) - Create Interpreter Setting ignite from interpreter.json
 INFO [2019-02-07 11:38:28,486] ({main} InterpreterSettingManager.java[loadFromFile]:279) - Create Interpreter Setting python from interpreter.json
 INFO [2019-02-07 11:38:28,489] ({main} InterpreterSettingManager.java[loadFromFile]:279) - Create Interpreter Setting sap from interpreter.json
 INFO [2019-02-07 11:38:28,502] ({main} InterpreterSettingManager.java[loadFromFile]:279) - Create Interpreter Setting jdbc from interpreter.json
 INFO [2019-02-07 11:38:28,505] ({main} InterpreterSettingManager.java[loadFromFile]:279) - Create Interpreter Setting lens from interpreter.json
 INFO [2019-02-07 11:38:28,506] ({main} InterpreterSettingManager.java[loadFromFile]:279) - Create Interpreter Setting pig from interpreter.json
 INFO [2019-02-07 11:38:28,518] ({main} InterpreterSettingManager.java[loadFromFile]:279) - Create Interpreter Setting flink from interpreter.json
 INFO [2019-02-07 11:38:28,519] ({main} InterpreterSettingManager.java[loadFromFile]:279) - Create Interpreter Setting angular from interpreter.json
 INFO [2019-02-07 11:38:28,524] ({main} InterpreterSettingManager.java[loadFromFile]:279) - Create Interpreter Setting livy from interpreter.json
 INFO [2019-02-07 11:38:28,530] ({main} InterpreterSettingManager.java[loadFromFile]:279) - Create Interpreter Setting groovy from interpreter.json
 INFO [2019-02-07 11:38:28,532] ({main} InterpreterSettingManager.java[loadFromFile]:279) - Create Interpreter Setting file from interpreter.json
 INFO [2019-02-07 11:38:28,538] ({main} InterpreterSettingManager.java[loadFromFile]:279) - Create Interpreter Setting neo4j from interpreter.json
 INFO [2019-02-07 11:38:28,553] ({main} InterpreterSettingManager.java[loadFromFile]:279) - Create Interpreter Setting elasticsearch from interpreter.json
 INFO [2019-02-07 11:38:28,554] ({main} InterpreterSettingManager.java[loadFromFile]:279) - Create Interpreter Setting sh from interpreter.json
 INFO [2019-02-07 11:38:28,555] ({main} InterpreterSettingManager.java[loadFromFile]:279) - Create Interpreter Setting spark from interpreter.json
 INFO [2019-02-07 11:38:28,564] ({main} InterpreterSettingManager.java[loadFromFile]:279) - Create Interpreter Setting cassandra from interpreter.json
 INFO [2019-02-07 11:38:28,565] ({main} InterpreterSettingManager.java[loadFromFile]:279) - Create Interpreter Setting md from interpreter.json
 INFO [2019-02-07 11:38:28,569] ({main} InterpreterSettingManager.java[loadFromFile]:279) - Create Interpreter Setting alluxio from interpreter.json
 INFO [2019-02-07 11:38:28,570] ({main} InterpreterSettingManager.java[loadFromFile]:279) - Create Interpreter Setting bigquery from interpreter.json
 INFO [2019-02-07 11:38:28,573] ({main} InterpreterSettingManager.java[loadFromFile]:279) - Create Interpreter Setting hbase from interpreter.json
 INFO [2019-02-07 11:38:28,576] ({main} InterpreterSettingManager.java[loadFromFile]:279) - Create Interpreter Setting kylin from interpreter.json
 INFO [2019-02-07 11:38:28,691] ({main} LocalConfigStorage.java[save]:53) - Save Interpreter Setting to /zeppelin/conf/interpreter.json
 INFO [2019-02-07 11:38:29,579] ({main} VfsLog.java[info]:138) - Using "/tmp/vfs_cache" as temporary files store.
 INFO [2019-02-07 11:38:29,876] ({main} GitNotebookRepo.java[<init>]:64) - Opening a git repo at '/notebook'
 INFO [2019-02-07 11:38:30,490] ({main} NotebookRepoSync.java[<init>]:77) - Instantiate NotebookRepo: org.apache.zeppelin.notebook.repo.GitNotebookRepo
 WARN [2019-02-07 11:38:30,913] ({main} NotebookAuthorization.java[getInstance]:86) - Notebook authorization module was called without initialization, initializing with default configuration
 WARN [2019-02-07 11:38:30,913] ({main} LocalConfigStorage.java[loadNotebookAuthorization]:77) - NotebookAuthorization file /zeppelin/conf/notebook-authorization.json is not existed
 INFO [2019-02-07 11:38:30,914] ({main} Credentials.java[loadFromFile]:121) - /zeppelin/conf/credentials.json
 INFO [2019-02-07 11:38:31,157] ({main} StdSchedulerFactory.java[instantiate]:1184) - Using default implementation for ThreadExecutor
 INFO [2019-02-07 11:38:31,163] ({main} SimpleThreadPool.java[initialize]:268) - Job execution threads will use class loader of thread: main
 INFO [2019-02-07 11:38:31,310] ({main} SchedulerSignalerImpl.java[<init>]:61) - Initialized Scheduler Signaller of type: class org.quartz.core.SchedulerSignalerImpl
 INFO [2019-02-07 11:38:31,326] ({main} QuartzScheduler.java[<init>]:240) - Quartz Scheduler v.2.2.1 created.
 INFO [2019-02-07 11:38:31,327] ({main} RAMJobStore.java[initialize]:155) - RAMJobStore initialized.
 INFO [2019-02-07 11:38:31,328] ({main} QuartzScheduler.java[initialize]:305) - Scheduler meta-data: Quartz Scheduler (v2.2.1) 'DefaultQuartzScheduler' with instanceId 'NON_CLUSTERED'
  Scheduler class: 'org.quartz.core.QuartzScheduler' - running locally.
  NOT STARTED.
  Currently in standby mode.
  Number of jobs executed: 0
  Using thread pool 'org.quartz.simpl.SimpleThreadPool' - with 10 threads.
  Using job-store 'org.quartz.simpl.RAMJobStore' - which does not support persistence. and is not clustered.

 INFO [2019-02-07 11:38:31,329] ({main} StdSchedulerFactory.java[instantiate]:1339) - Quartz scheduler 'DefaultQuartzScheduler' initialized from default resource file in Quartz package: 'quartz.properties'
 INFO [2019-02-07 11:38:31,329] ({main} StdSchedulerFactory.java[instantiate]:1343) - Quartz scheduler version: 2.2.1
 INFO [2019-02-07 11:38:31,335] ({main} QuartzScheduler.java[start]:575) - Scheduler DefaultQuartzScheduler_$_NON_CLUSTERED started.
 INFO [2019-02-07 11:38:31,349] ({main} Notebook.java[<init>]:127) - Notebook indexing started...
 INFO [2019-02-07 11:38:31,410] ({main} LuceneSearch.java[addIndexDocs]:305) - Indexing 0 notebooks took 60ms
 INFO [2019-02-07 11:38:31,410] ({main} Notebook.java[<init>]:129) - Notebook indexing finished: 0 indexed in 0s
 INFO [2019-02-07 11:38:31,413] ({main} Helium.java[loadConf]:103) - Add helium local registry /zeppelin/helium
 INFO [2019-02-07 11:38:31,433] ({main} Helium.java[loadConf]:100) - Add helium online registry https://s3.amazonaws.com/helium-package/helium.json
 WARN [2019-02-07 11:38:31,441] ({main} Helium.java[loadConf]:111) - /zeppelin/conf/helium.json does not exists
 INFO [2019-02-07 11:38:39,083] ({main} ContextHandler.java[doStart]:855) - Started o.e.j.w.WebAppContext@5af97850{zeppelin-web,/,file:///zeppelin/webapps/webapp/,AVAILABLE}{/zeppelin/zeppelin-web-0.8.1.war}
 INFO [2019-02-07 11:38:39,229] ({main} AbstractConnector.java[doStart]:292) - Started ServerConnector@5a2bd7c8{HTTP/1.1,[http/1.1]}{0.0.0.0:8080}
 INFO [2019-02-07 11:38:39,229] ({main} Server.java[doStart]:407) - Started @27280ms
 INFO [2019-02-07 11:38:39,229] ({main} ZeppelinServer.java[main]:249) - Done, zeppelin server started
 INFO [2019-02-07 12:08:52,100] ({Thread-34} ZeppelinServer.java[run]:253) - Shutting down Zeppelin Server ... 
 INFO [2019-02-07 12:08:52,116] ({Thread-34} AbstractConnector.java[doStop]:341) - Stopped ServerConnector@5a2bd7c8{HTTP/1.1,[http/1.1]}{0.0.0.0:8080}
 INFO [2019-02-07 12:08:52,117] ({Thread-34} HouseKeeper.java[stopScavenging]:167) - node0 Stopped scavenging
 INFO [2019-02-07 12:08:53,107] ({Thread-34} ContextHandler.java[doStop]:1045) - Stopped o.e.j.w.WebAppContext@5af97850{zeppelin-web,/,null,UNAVAILABLE}{/zeppelin/zeppelin-web-0.8.1.war}
 INFO [2019-02-07 12:08:53,110] ({Thread-35} InterpreterSetting.java[close]:483) - Close InterpreterSetting: ignite
 INFO [2019-02-07 12:08:53,111] ({Thread-36} InterpreterSetting.java[close]:483) - Close InterpreterSetting: python
 INFO [2019-02-07 12:08:53,111] ({Thread-37} InterpreterSetting.java[close]:483) - Close InterpreterSetting: sap
 INFO [2019-02-07 12:08:53,112] ({Thread-38} InterpreterSetting.java[close]:483) - Close InterpreterSetting: ignite
 INFO [2019-02-07 12:08:53,112] ({Thread-40} InterpreterSetting.java[close]:483) - Close InterpreterSetting: python
 INFO [2019-02-07 12:08:53,114] ({Thread-41} InterpreterSetting.java[close]:483) - Close InterpreterSetting: lens
 INFO [2019-02-07 12:08:53,114] ({Thread-42} InterpreterSetting.java[close]:483) - Close InterpreterSetting: sap
 INFO [2019-02-07 12:08:53,114] ({Thread-39} InterpreterSetting.java[close]:483) - Close InterpreterSetting: jdbc
 INFO [2019-02-07 12:08:53,115] ({Thread-48} InterpreterSetting.java[close]:483) - Close InterpreterSetting: livy
 INFO [2019-02-07 12:08:53,115] ({Thread-45} InterpreterSetting.java[close]:483) - Close InterpreterSetting: pig
 INFO [2019-02-07 12:08:53,115] ({Thread-47} InterpreterSetting.java[close]:483) - Close InterpreterSetting: angular
 INFO [2019-02-07 12:08:53,115] ({Thread-46} InterpreterSetting.java[close]:483) - Close InterpreterSetting: flink
 INFO [2019-02-07 12:08:53,115] ({Thread-54} InterpreterSetting.java[close]:483) - Close InterpreterSetting: spark
 INFO [2019-02-07 12:08:53,115] ({Thread-51} InterpreterSetting.java[close]:483) - Close InterpreterSetting: neo4j
 INFO [2019-02-07 12:08:53,115] ({Thread-50} InterpreterSetting.java[close]:483) - Close InterpreterSetting: file
 INFO [2019-02-07 12:08:53,115] ({Thread-49} InterpreterSetting.java[close]:483) - Close InterpreterSetting: groovy
 INFO [2019-02-07 12:08:53,115] ({Thread-53} InterpreterSetting.java[close]:483) - Close InterpreterSetting: sh
 INFO [2019-02-07 12:08:53,115] ({Thread-52} InterpreterSetting.java[close]:483) - Close InterpreterSetting: elasticsearch
 INFO [2019-02-07 12:08:53,115] ({Thread-43} InterpreterSetting.java[close]:483) - Close InterpreterSetting: jdbc
 INFO [2019-02-07 12:08:53,116] ({Thread-55} InterpreterSetting.java[close]:483) - Close InterpreterSetting: cassandra
 INFO [2019-02-07 12:08:53,118] ({Thread-44} InterpreterSetting.java[close]:483) - Close InterpreterSetting: lens
 INFO [2019-02-07 12:08:53,118] ({Thread-56} InterpreterSetting.java[close]:483) - Close InterpreterSetting: md
 INFO [2019-02-07 12:08:53,118] ({Thread-59} InterpreterSetting.java[close]:483) - Close InterpreterSetting: bigquery
 INFO [2019-02-07 12:08:53,124] ({Thread-57} InterpreterSetting.java[close]:483) - Close InterpreterSetting: pig
 INFO [2019-02-07 12:08:53,124] ({Thread-58} InterpreterSetting.java[close]:483) - Close InterpreterSetting: alluxio
 INFO [2019-02-07 12:08:53,125] ({Thread-61} InterpreterSetting.java[close]:483) - Close InterpreterSetting: flink
 INFO [2019-02-07 12:08:53,136] ({Thread-64} InterpreterSetting.java[close]:483) - Close InterpreterSetting: livy
 INFO [2019-02-07 12:08:53,136] ({Thread-62} InterpreterSetting.java[close]:483) - Close InterpreterSetting: angular
 INFO [2019-02-07 12:08:53,136] ({Thread-60} InterpreterSetting.java[close]:483) - Close InterpreterSetting: hbase
 INFO [2019-02-07 12:08:53,143] ({Thread-66} InterpreterSetting.java[close]:483) - Close InterpreterSetting: file
 INFO [2019-02-07 12:08:53,143] ({Thread-65} InterpreterSetting.java[close]:483) - Close InterpreterSetting: groovy
 INFO [2019-02-07 12:08:53,142] ({Thread-63} InterpreterSetting.java[close]:483) - Close InterpreterSetting: kylin
 INFO [2019-02-07 12:08:53,144] ({Thread-69} InterpreterSetting.java[close]:483) - Close InterpreterSetting: sh
 INFO [2019-02-07 12:08:53,144] ({Thread-68} InterpreterSetting.java[close]:483) - Close InterpreterSetting: elasticsearch
 INFO [2019-02-07 12:08:53,143] ({Thread-67} InterpreterSetting.java[close]:483) - Close InterpreterSetting: neo4j
 INFO [2019-02-07 12:08:53,145] ({Thread-70} InterpreterSetting.java[close]:483) - Close InterpreterSetting: spark
 INFO [2019-02-07 12:08:53,147] ({Thread-71} InterpreterSetting.java[close]:483) - Close InterpreterSetting: cassandra
 INFO [2019-02-07 12:08:53,148] ({Thread-73} InterpreterSetting.java[close]:483) - Close InterpreterSetting: alluxio
 INFO [2019-02-07 12:08:53,150] ({Thread-72} InterpreterSetting.java[close]:483) - Close InterpreterSetting: md
 INFO [2019-02-07 12:08:53,150] ({Thread-75} InterpreterSetting.java[close]:483) - Close InterpreterSetting: hbase
 INFO [2019-02-07 12:08:53,150] ({Thread-74} InterpreterSetting.java[close]:483) - Close InterpreterSetting: bigquery
 INFO [2019-02-07 12:08:53,150] ({Thread-76} InterpreterSetting.java[close]:483) - Close InterpreterSetting: kylin
 INFO [2019-02-07 12:08:53,154] ({Thread-34} NotebookRepoSync.java[close]:428) - Closing all notebook storages
 INFO [2019-02-07 12:08:56,178] ({Thread-34} ZeppelinServer.java[run]:264) - Bye
 WARN [2019-02-07 13:32:42,054] ({main} ZeppelinConfiguration.java[create]:117) - Failed to load configuration, proceeding with a default
 INFO [2019-02-07 13:32:42,156] ({main} ZeppelinConfiguration.java[create]:129) - Server Host: 0.0.0.0
 INFO [2019-02-07 13:32:42,157] ({main} ZeppelinConfiguration.java[create]:131) - Server Port: 8080
 INFO [2019-02-07 13:32:42,158] ({main} ZeppelinConfiguration.java[create]:135) - Context Path: /
 INFO [2019-02-07 13:32:42,166] ({main} ZeppelinConfiguration.java[create]:136) - Zeppelin Version: 0.8.1
 INFO [2019-02-07 13:32:42,255] ({main} Log.java[initialized]:193) - Logging initialized @5086ms to org.eclipse.jetty.util.log.Slf4jLog
 WARN [2019-02-07 13:32:42,583] ({main} ServerConnector.java[setSoLingerTime]:458) - Ignoring deprecated socket close linger time
 INFO [2019-02-07 13:32:42,813] ({main} ZeppelinServer.java[setupWebAppContext]:413) - ZeppelinServer Webapp path: /zeppelin/webapps
 INFO [2019-02-07 13:32:43,127] ({main} ZeppelinServer.java[main]:239) - Starting zeppelin server
 INFO [2019-02-07 13:32:43,130] ({main} Server.java[doStart]:370) - jetty-9.4.14.v20181114; built: 2018-11-14T21:20:31.478Z; git: c4550056e785fb5665914545889f21dc136ad9e6; jvm 1.8.0_191-8u191-b12-0ubuntu0.16.04.1-b12
 INFO [2019-02-07 13:32:47,660] ({main} StandardDescriptorProcessor.java[visitServlet]:283) - NO JSP Support for /, did not find org.eclipse.jetty.jsp.JettyJspServlet
 INFO [2019-02-07 13:32:47,731] ({main} DefaultSessionIdManager.java[doStart]:365) - DefaultSessionIdManager workerName=node0
 INFO [2019-02-07 13:32:47,733] ({main} DefaultSessionIdManager.java[doStart]:370) - No SessionScavenger set, using defaults
 INFO [2019-02-07 13:32:47,749] ({main} HouseKeeper.java[startScavenging]:149) - node0 Scavenging every 600000ms
 INFO [2019-02-07 13:32:48,976] ({main} SchedulerFactory.java[<init>]:59) - Scheduler Thread Pool Size: 100
 WARN [2019-02-07 13:32:49,048] ({main} ZeppelinConfiguration.java[getConfigFSDir]:527) - zeppelin.config.fs.dir is not specified, fall back to local conf directory zeppelin.conf.dir
 WARN [2019-02-07 13:32:49,058] ({main} ZeppelinConfiguration.java[getConfigFSDir]:527) - zeppelin.config.fs.dir is not specified, fall back to local conf directory zeppelin.conf.dir
 INFO [2019-02-07 13:32:49,306] ({main} InterpreterSettingManager.java[<init>]:165) - Using RecoveryStorage: org.apache.zeppelin.interpreter.recovery.NullRecoveryStorage
 INFO [2019-02-07 13:32:49,309] ({main} InterpreterSettingManager.java[<init>]:169) - Using LifecycleManager: org.apache.zeppelin.interpreter.lifecycle.NullLifecycleManager
 INFO [2019-02-07 13:32:49,472] ({main} InterpreterSettingManager.java[registerInterpreterSetting]:425) - Register InterpreterSettingTemplate: angular
 INFO [2019-02-07 13:32:49,486] ({main} InterpreterSettingManager.java[registerInterpreterSetting]:425) - Register InterpreterSettingTemplate: sap
 INFO [2019-02-07 13:32:49,494] ({main} InterpreterSettingManager.java[registerInterpreterSetting]:425) - Register InterpreterSettingTemplate: lens
 INFO [2019-02-07 13:32:49,501] ({main} InterpreterSettingManager.java[registerInterpreterSetting]:425) - Register InterpreterSettingTemplate: groovy
 INFO [2019-02-07 13:32:49,508] ({main} InterpreterSettingManager.java[registerInterpreterSetting]:425) - Register InterpreterSettingTemplate: alluxio
 WARN [2019-02-07 13:32:49,534] ({main} InterpreterSettingManager.java[init]:331) - No interpreter-setting.json found in /zeppelin/interpreter/lib
 INFO [2019-02-07 13:32:49,548] ({main} InterpreterSettingManager.java[registerInterpreterSetting]:425) - Register InterpreterSettingTemplate: jdbc
 INFO [2019-02-07 13:32:49,561] ({main} InterpreterSettingManager.java[registerInterpreterSetting]:425) - Register InterpreterSettingTemplate: flink
 INFO [2019-02-07 13:32:49,595] ({main} InterpreterSettingManager.java[registerInterpreterSetting]:425) - Register InterpreterSettingTemplate: md
 INFO [2019-02-07 13:32:49,599] ({main} InterpreterSettingManager.java[registerInterpreterSetting]:425) - Register InterpreterSettingTemplate: file
 WARN [2019-02-07 13:32:49,610] ({main} InterpreterSettingManager.java[init]:331) - No interpreter-setting.json found in /zeppelin/interpreter/${interpreter.name}
 INFO [2019-02-07 13:32:49,628] ({main} InterpreterSettingManager.java[registerInterpreterSetting]:425) - Register InterpreterSettingTemplate: pig
 INFO [2019-02-07 13:32:49,632] ({main} InterpreterSettingManager.java[registerInterpreterSetting]:425) - Register InterpreterSettingTemplate: sh
 INFO [2019-02-07 13:32:49,642] ({main} InterpreterSettingManager.java[registerInterpreterSetting]:425) - Register InterpreterSettingTemplate: kylin
 INFO [2019-02-07 13:32:49,660] ({main} InterpreterSettingManager.java[registerInterpreterSetting]:425) - Register InterpreterSettingTemplate: ignite
 WARN [2019-02-07 13:32:50,698] ({main} InterpreterSettingManager.java[init]:331) - No interpreter-setting.json found in /zeppelin/interpreter/scio
 INFO [2019-02-07 13:32:50,711] ({main} InterpreterSettingManager.java[registerInterpreterSetting]:425) - Register InterpreterSettingTemplate: hbase
 INFO [2019-02-07 13:32:50,717] ({main} InterpreterSettingManager.java[registerInterpreterSetting]:425) - Register InterpreterSettingTemplate: spark
 INFO [2019-02-07 13:32:50,729] ({main} InterpreterSettingManager.java[registerInterpreterSetting]:425) - Register InterpreterSettingTemplate: elasticsearch
 INFO [2019-02-07 13:32:50,737] ({main} InterpreterSettingManager.java[registerInterpreterSetting]:425) - Register InterpreterSettingTemplate: bigquery
 INFO [2019-02-07 13:32:50,745] ({main} InterpreterSettingManager.java[registerInterpreterSetting]:425) - Register InterpreterSettingTemplate: livy
 INFO [2019-02-07 13:32:50,755] ({main} InterpreterSettingManager.java[registerInterpreterSetting]:425) - Register InterpreterSettingTemplate: python
 INFO [2019-02-07 13:32:50,779] ({main} InterpreterSettingManager.java[registerInterpreterSetting]:425) - Register InterpreterSettingTemplate: cassandra
 INFO [2019-02-07 13:32:50,842] ({main} InterpreterSettingManager.java[registerInterpreterSetting]:425) - Register InterpreterSettingTemplate: neo4j
 INFO [2019-02-07 13:32:50,843] ({main} LocalConfigStorage.java[loadInterpreterSettings]:63) - Load Interpreter Setting from file: /zeppelin/conf/interpreter.json
 INFO [2019-02-07 13:32:50,995] ({main} InterpreterSettingManager.java[loadFromFile]:279) - Create Interpreter Setting ignite from interpreter.json
 INFO [2019-02-07 13:32:50,996] ({main} InterpreterSettingManager.java[loadFromFile]:279) - Create Interpreter Setting python from interpreter.json
 INFO [2019-02-07 13:32:51,005] ({main} InterpreterSettingManager.java[loadFromFile]:279) - Create Interpreter Setting sap from interpreter.json
 INFO [2019-02-07 13:32:51,014] ({main} InterpreterSettingManager.java[loadFromFile]:279) - Create Interpreter Setting jdbc from interpreter.json
 INFO [2019-02-07 13:32:51,029] ({main} InterpreterSettingManager.java[loadFromFile]:279) - Create Interpreter Setting lens from interpreter.json
 INFO [2019-02-07 13:32:51,030] ({main} InterpreterSettingManager.java[loadFromFile]:279) - Create Interpreter Setting pig from interpreter.json
 INFO [2019-02-07 13:32:51,036] ({main} InterpreterSettingManager.java[loadFromFile]:279) - Create Interpreter Setting flink from interpreter.json
 INFO [2019-02-07 13:32:51,037] ({main} InterpreterSettingManager.java[loadFromFile]:279) - Create Interpreter Setting angular from interpreter.json
 INFO [2019-02-07 13:32:51,041] ({main} InterpreterSettingManager.java[loadFromFile]:279) - Create Interpreter Setting livy from interpreter.json
 INFO [2019-02-07 13:32:51,041] ({main} InterpreterSettingManager.java[loadFromFile]:279) - Create Interpreter Setting groovy from interpreter.json
 INFO [2019-02-07 13:32:51,044] ({main} InterpreterSettingManager.java[loadFromFile]:279) - Create Interpreter Setting file from interpreter.json
 INFO [2019-02-07 13:32:51,044] ({main} InterpreterSettingManager.java[loadFromFile]:279) - Create Interpreter Setting neo4j from interpreter.json
 INFO [2019-02-07 13:32:51,045] ({main} InterpreterSettingManager.java[loadFromFile]:279) - Create Interpreter Setting elasticsearch from interpreter.json
 INFO [2019-02-07 13:32:51,045] ({main} InterpreterSettingManager.java[loadFromFile]:279) - Create Interpreter Setting sh from interpreter.json
 INFO [2019-02-07 13:32:51,047] ({main} InterpreterSettingManager.java[loadFromFile]:279) - Create Interpreter Setting spark from interpreter.json
 INFO [2019-02-07 13:32:51,048] ({main} InterpreterSettingManager.java[loadFromFile]:279) - Create Interpreter Setting cassandra from interpreter.json
 INFO [2019-02-07 13:32:51,049] ({main} InterpreterSettingManager.java[loadFromFile]:279) - Create Interpreter Setting md from interpreter.json
 INFO [2019-02-07 13:32:51,049] ({main} InterpreterSettingManager.java[loadFromFile]:279) - Create Interpreter Setting alluxio from interpreter.json
 INFO [2019-02-07 13:32:51,049] ({main} InterpreterSettingManager.java[loadFromFile]:279) - Create Interpreter Setting bigquery from interpreter.json
 INFO [2019-02-07 13:32:51,050] ({main} InterpreterSettingManager.java[loadFromFile]:279) - Create Interpreter Setting hbase from interpreter.json
 INFO [2019-02-07 13:32:51,050] ({main} InterpreterSettingManager.java[loadFromFile]:279) - Create Interpreter Setting kylin from interpreter.json
 INFO [2019-02-07 13:32:51,293] ({main} LocalConfigStorage.java[save]:53) - Save Interpreter Setting to /zeppelin/conf/interpreter.json
 INFO [2019-02-07 13:32:51,986] ({main} VfsLog.java[info]:138) - Using "/tmp/vfs_cache" as temporary files store.
 INFO [2019-02-07 13:32:52,258] ({main} GitNotebookRepo.java[<init>]:64) - Opening a git repo at '/notebook'
 INFO [2019-02-07 13:32:53,012] ({main} NotebookRepoSync.java[<init>]:77) - Instantiate NotebookRepo: org.apache.zeppelin.notebook.repo.GitNotebookRepo
 WARN [2019-02-07 13:32:53,607] ({main} NotebookAuthorization.java[getInstance]:86) - Notebook authorization module was called without initialization, initializing with default configuration
 WARN [2019-02-07 13:32:53,607] ({main} LocalConfigStorage.java[loadNotebookAuthorization]:77) - NotebookAuthorization file /zeppelin/conf/notebook-authorization.json is not existed
 INFO [2019-02-07 13:32:53,624] ({main} Credentials.java[loadFromFile]:121) - /zeppelin/conf/credentials.json
 INFO [2019-02-07 13:32:53,905] ({main} StdSchedulerFactory.java[instantiate]:1184) - Using default implementation for ThreadExecutor
 INFO [2019-02-07 13:32:53,939] ({main} SimpleThreadPool.java[initialize]:268) - Job execution threads will use class loader of thread: main
 INFO [2019-02-07 13:32:54,036] ({main} SchedulerSignalerImpl.java[<init>]:61) - Initialized Scheduler Signaller of type: class org.quartz.core.SchedulerSignalerImpl
 INFO [2019-02-07 13:32:54,071] ({main} QuartzScheduler.java[<init>]:240) - Quartz Scheduler v.2.2.1 created.
 INFO [2019-02-07 13:32:54,082] ({main} RAMJobStore.java[initialize]:155) - RAMJobStore initialized.
 INFO [2019-02-07 13:32:54,094] ({main} QuartzScheduler.java[initialize]:305) - Scheduler meta-data: Quartz Scheduler (v2.2.1) 'DefaultQuartzScheduler' with instanceId 'NON_CLUSTERED'
  Scheduler class: 'org.quartz.core.QuartzScheduler' - running locally.
  NOT STARTED.
  Currently in standby mode.
  Number of jobs executed: 0
  Using thread pool 'org.quartz.simpl.SimpleThreadPool' - with 10 threads.
  Using job-store 'org.quartz.simpl.RAMJobStore' - which does not support persistence. and is not clustered.

 INFO [2019-02-07 13:32:54,095] ({main} StdSchedulerFactory.java[instantiate]:1339) - Quartz scheduler 'DefaultQuartzScheduler' initialized from default resource file in Quartz package: 'quartz.properties'
 INFO [2019-02-07 13:32:54,095] ({main} StdSchedulerFactory.java[instantiate]:1343) - Quartz scheduler version: 2.2.1
 INFO [2019-02-07 13:32:54,096] ({main} QuartzScheduler.java[start]:575) - Scheduler DefaultQuartzScheduler_$_NON_CLUSTERED started.
 INFO [2019-02-07 13:32:54,122] ({main} Notebook.java[<init>]:127) - Notebook indexing started...
 INFO [2019-02-07 13:32:54,153] ({main} LuceneSearch.java[addIndexDocs]:305) - Indexing 0 notebooks took 29ms
 INFO [2019-02-07 13:32:54,153] ({main} Notebook.java[<init>]:129) - Notebook indexing finished: 0 indexed in 0s
 INFO [2019-02-07 13:32:54,155] ({main} Helium.java[loadConf]:103) - Add helium local registry /zeppelin/helium
 INFO [2019-02-07 13:32:54,156] ({main} Helium.java[loadConf]:100) - Add helium online registry https://s3.amazonaws.com/helium-package/helium.json
 WARN [2019-02-07 13:32:54,216] ({main} Helium.java[loadConf]:111) - /zeppelin/conf/helium.json does not exists
 INFO [2019-02-07 13:33:03,770] ({main} ContextHandler.java[doStart]:855) - Started o.e.j.w.WebAppContext@5af97850{zeppelin-web,/,file:///zeppelin/webapps/webapp/,AVAILABLE}{/zeppelin/zeppelin-web-0.8.1.war}
 INFO [2019-02-07 13:33:03,902] ({main} AbstractConnector.java[doStart]:292) - Started ServerConnector@231a3611{HTTP/1.1,[http/1.1]}{0.0.0.0:8080}
 INFO [2019-02-07 13:33:03,902] ({main} Server.java[doStart]:407) - Started @26740ms
 INFO [2019-02-07 13:33:03,902] ({main} ZeppelinServer.java[main]:249) - Done, zeppelin server started
 INFO [2019-02-07 14:18:00,090] ({Thread-34} ZeppelinServer.java[run]:253) - Shutting down Zeppelin Server ... 
 INFO [2019-02-07 14:18:00,097] ({Thread-34} AbstractConnector.java[doStop]:341) - Stopped ServerConnector@231a3611{HTTP/1.1,[http/1.1]}{0.0.0.0:8080}
 INFO [2019-02-07 14:18:00,099] ({Thread-34} HouseKeeper.java[stopScavenging]:167) - node0 Stopped scavenging
 INFO [2019-02-07 14:18:01,043] ({Thread-34} ContextHandler.java[doStop]:1045) - Stopped o.e.j.w.WebAppContext@5af97850{zeppelin-web,/,null,UNAVAILABLE}{/zeppelin/zeppelin-web-0.8.1.war}
 INFO [2019-02-07 14:18:01,047] ({Thread-35} InterpreterSetting.java[close]:483) - Close InterpreterSetting: ignite
 INFO [2019-02-07 14:18:01,047] ({Thread-37} InterpreterSetting.java[close]:483) - Close InterpreterSetting: python
 INFO [2019-02-07 14:18:01,048] ({Thread-41} InterpreterSetting.java[close]:483) - Close InterpreterSetting: lens
 INFO [2019-02-07 14:18:01,047] ({Thread-36} InterpreterSetting.java[close]:483) - Close InterpreterSetting: ignite
 INFO [2019-02-07 14:18:01,048] ({Thread-42} InterpreterSetting.java[close]:483) - Close InterpreterSetting: pig
 INFO [2019-02-07 14:18:01,048] ({Thread-39} InterpreterSetting.java[close]:483) - Close InterpreterSetting: python
 INFO [2019-02-07 14:18:01,047] ({Thread-40} InterpreterSetting.java[close]:483) - Close InterpreterSetting: jdbc
 INFO [2019-02-07 14:18:01,047] ({Thread-38} InterpreterSetting.java[close]:483) - Close InterpreterSetting: sap
 INFO [2019-02-07 14:18:01,050] ({Thread-43} InterpreterSetting.java[close]:483) - Close InterpreterSetting: flink
 INFO [2019-02-07 14:18:01,051] ({Thread-44} InterpreterSetting.java[close]:483) - Close InterpreterSetting: sap
 INFO [2019-02-07 14:18:01,051] ({Thread-46} InterpreterSetting.java[close]:483) - Close InterpreterSetting: angular
 INFO [2019-02-07 14:18:01,052] ({Thread-48} InterpreterSetting.java[close]:483) - Close InterpreterSetting: groovy
 INFO [2019-02-07 14:18:01,052] ({Thread-47} InterpreterSetting.java[close]:483) - Close InterpreterSetting: livy
 INFO [2019-02-07 14:18:01,052] ({Thread-51} InterpreterSetting.java[close]:483) - Close InterpreterSetting: neo4j
 INFO [2019-02-07 14:18:01,052] ({Thread-50} InterpreterSetting.java[close]:483) - Close InterpreterSetting: file
 INFO [2019-02-07 14:18:01,053] ({Thread-52} InterpreterSetting.java[close]:483) - Close InterpreterSetting: elasticsearch
 INFO [2019-02-07 14:18:01,053] ({Thread-53} InterpreterSetting.java[close]:483) - Close InterpreterSetting: sh
 INFO [2019-02-07 14:18:01,053] ({Thread-45} InterpreterSetting.java[close]:483) - Close InterpreterSetting: jdbc
 INFO [2019-02-07 14:18:01,055] ({Thread-54} InterpreterSetting.java[close]:483) - Close InterpreterSetting: spark
 INFO [2019-02-07 14:18:01,055] ({Thread-55} InterpreterSetting.java[close]:483) - Close InterpreterSetting: cassandra
 INFO [2019-02-07 14:18:01,055] ({Thread-56} InterpreterSetting.java[close]:483) - Close InterpreterSetting: md
 INFO [2019-02-07 14:18:01,055] ({Thread-57} InterpreterSetting.java[close]:483) - Close InterpreterSetting: alluxio
 INFO [2019-02-07 14:18:01,056] ({Thread-58} InterpreterSetting.java[close]:483) - Close InterpreterSetting: bigquery
 INFO [2019-02-07 14:18:01,064] ({Thread-62} InterpreterSetting.java[close]:483) - Close InterpreterSetting: flink
 INFO [2019-02-07 14:18:01,064] ({Thread-49} InterpreterSetting.java[close]:483) - Close InterpreterSetting: lens
 INFO [2019-02-07 14:18:01,074] ({Thread-61} InterpreterSetting.java[close]:483) - Close InterpreterSetting: pig
 INFO [2019-02-07 14:18:01,075] ({Thread-66} InterpreterSetting.java[close]:483) - Close InterpreterSetting: file
 INFO [2019-02-07 14:18:01,075] ({Thread-65} InterpreterSetting.java[close]:483) - Close InterpreterSetting: groovy
 INFO [2019-02-07 14:18:01,074] ({Thread-59} InterpreterSetting.java[close]:483) - Close InterpreterSetting: hbase
 INFO [2019-02-07 14:18:01,074] ({Thread-60} InterpreterSetting.java[close]:483) - Close InterpreterSetting: kylin
 INFO [2019-02-07 14:18:01,074] ({Thread-64} InterpreterSetting.java[close]:483) - Close InterpreterSetting: livy
 INFO [2019-02-07 14:18:01,074] ({Thread-63} InterpreterSetting.java[close]:483) - Close InterpreterSetting: angular
 INFO [2019-02-07 14:18:01,075] ({Thread-68} InterpreterSetting.java[close]:483) - Close InterpreterSetting: elasticsearch
 INFO [2019-02-07 14:18:01,075] ({Thread-69} InterpreterSetting.java[close]:483) - Close InterpreterSetting: sh
 INFO [2019-02-07 14:18:01,076] ({Thread-70} InterpreterSetting.java[close]:483) - Close InterpreterSetting: spark
 INFO [2019-02-07 14:18:01,076] ({Thread-71} InterpreterSetting.java[close]:483) - Close InterpreterSetting: cassandra
 INFO [2019-02-07 14:18:01,076] ({Thread-72} InterpreterSetting.java[close]:483) - Close InterpreterSetting: md
 INFO [2019-02-07 14:18:01,076] ({Thread-73} InterpreterSetting.java[close]:483) - Close InterpreterSetting: alluxio
 INFO [2019-02-07 14:18:01,076] ({Thread-74} InterpreterSetting.java[close]:483) - Close InterpreterSetting: bigquery
 INFO [2019-02-07 14:18:01,076] ({Thread-75} InterpreterSetting.java[close]:483) - Close InterpreterSetting: hbase
 INFO [2019-02-07 14:18:01,077] ({Thread-76} InterpreterSetting.java[close]:483) - Close InterpreterSetting: kylin
 INFO [2019-02-07 14:18:01,078] ({Thread-67} InterpreterSetting.java[close]:483) - Close InterpreterSetting: neo4j
 INFO [2019-02-07 14:18:01,080] ({Thread-34} NotebookRepoSync.java[close]:428) - Closing all notebook storages
 INFO [2019-02-07 14:18:04,104] ({Thread-34} ZeppelinServer.java[run]:264) - Bye
 WARN [2019-02-07 14:34:49,347] ({main} ZeppelinConfiguration.java[create]:117) - Failed to load configuration, proceeding with a default
 INFO [2019-02-07 14:34:49,553] ({main} ZeppelinConfiguration.java[create]:129) - Server Host: 0.0.0.0
 INFO [2019-02-07 14:34:49,554] ({main} ZeppelinConfiguration.java[create]:131) - Server Port: 8080
 INFO [2019-02-07 14:34:49,555] ({main} ZeppelinConfiguration.java[create]:135) - Context Path: /
 INFO [2019-02-07 14:34:49,566] ({main} ZeppelinConfiguration.java[create]:136) - Zeppelin Version: 0.8.1
 INFO [2019-02-07 14:34:49,696] ({main} Log.java[initialized]:193) - Logging initialized @6500ms to org.eclipse.jetty.util.log.Slf4jLog
 WARN [2019-02-07 14:34:50,430] ({main} ServerConnector.java[setSoLingerTime]:458) - Ignoring deprecated socket close linger time
 INFO [2019-02-07 14:34:50,861] ({main} ZeppelinServer.java[setupWebAppContext]:413) - ZeppelinServer Webapp path: /zeppelin/webapps
 INFO [2019-02-07 14:34:51,258] ({main} ZeppelinServer.java[main]:239) - Starting zeppelin server
 INFO [2019-02-07 14:34:51,260] ({main} Server.java[doStart]:370) - jetty-9.4.14.v20181114; built: 2018-11-14T21:20:31.478Z; git: c4550056e785fb5665914545889f21dc136ad9e6; jvm 1.8.0_191-8u191-b12-0ubuntu0.16.04.1-b12
